# JRE version: Java(TM) SE Runtime Environment (8.0_25-b18) (build 1.8.0_25-b18)
# Java VM: Java HotSpot(TM) 64-Bit Server VM (25.25-b02 mixed mode windows-amd64 compressed oops)
Heap:
 PSYoungGen      total 21504K, used 2931K [0x00000000eb400000, 0x00000000ed580000, 0x0000000100000000)
  eden space 19456K, 5% used [0x00000000eb400000,0x00000000eb5211d8,0x00000000ec700000)
  from space 2048K, 86% used [0x00000000ed380000,0x00000000ed53bc60,0x00000000ed580000)
  to   space 7168K, 0% used [0x00000000ec780000,0x00000000ec780000,0x00000000ece80000)
 ParOldGen       total 36864K, used 11090K [0x00000000c1c00000, 0x00000000c4000000, 0x00000000eb400000)
  object space 36864K, 30% used [0x00000000c1c00000,0x00000000c26d4888,0x00000000c4000000)
 Metaspace       used 20682K, capacity 21232K, committed 21504K, reserved 1069056K
  class space    used 2471K, capacity 2620K, committed 2816K, reserved 1048576K
GC Heap History (10 events):
Event: 19.652 GC heap before
{Heap before GC invocations=11 (full 0):
 PSYoungGen      total 18432K, used 8291K [0x00000000eb400000, 0x00000000ed700000, 0x0000000100000000)
  eden space 15360K, 37% used [0x00000000eb400000,0x00000000eb991f20,0x00000000ec300000)
  from space 3072K, 84% used [0x00000000ed400000,0x00000000ed686d60,0x00000000ed700000)
  to   space 6656K, 0% used [0x00000000eca00000,0x00000000eca00000,0x00000000ed080000)
 ParOldGen       total 44032K, used 14903K [0x00000000c1c00000, 0x00000000c4700000, 0x00000000eb400000)
  object space 44032K, 33% used [0x00000000c1c00000,0x00000000c2a8dd18,0x00000000c4700000)
 Metaspace       used 20357K, capacity 21094K, committed 21248K, reserved 1067008K
  class space    used 2474K, capacity 2705K, committed 2816K, reserved 1048576K
Event: 19.655 GC heap after
Heap after GC invocations=11 (full 0):
 PSYoungGen      total 15872K, used 352K [0x00000000eb400000, 0x00000000ed480000, 0x0000000100000000)
  eden space 15360K, 0% used [0x00000000eb400000,0x00000000eb400000,0x00000000ec300000)
  from space 512K, 68% used [0x00000000eca00000,0x00000000eca58000,0x00000000eca80000)
  to   space 6656K, 0% used [0x00000000ece00000,0x00000000ece00000,0x00000000ed480000)
 ParOldGen       total 44032K, used 16243K [0x00000000c1c00000, 0x00000000c4700000, 0x00000000eb400000)
  object space 44032K, 36% used [0x00000000c1c00000,0x00000000c2bdcd38,0x00000000c4700000)
 Metaspace       used 20357K, capacity 21094K, committed 21248K, reserved 1067008K
  class space    used 2474K, capacity 2705K, committed 2816K, reserved 1048576K
}
Event: 19.656 GC heap before
{Heap before GC invocations=12 (full 1):
 PSYoungGen      total 15872K, used 352K [0x00000000eb400000, 0x00000000ed480000, 0x0000000100000000)
  eden space 15360K, 0% used [0x00000000eb400000,0x00000000eb400000,0x00000000ec300000)
  from space 512K, 68% used [0x00000000eca00000,0x00000000eca58000,0x00000000eca80000)
  to   space 6656K, 0% used [0x00000000ece00000,0x00000000ece00000,0x00000000ed480000)
 ParOldGen       total 44032K, used 16243K [0x00000000c1c00000, 0x00000000c4700000, 0x00000000eb400000)
  object space 44032K, 36% used [0x00000000c1c00000,0x00000000c2bdcd38,0x00000000c4700000)
 Metaspace       used 20357K, capacity 21094K, committed 21248K, reserved 1067008K
  class space    used 2474K, capacity 2705K, committed 2816K, reserved 1048576K
Event: 19.767 GC heap after
Heap after GC invocations=12 (full 1):
 PSYoungGen      total 15872K, used 0K [0x00000000eb400000, 0x00000000ed480000, 0x0000000100000000)
  eden space 15360K, 0% used [0x00000000eb400000,0x00000000eb400000,0x00000000ec300000)
  from space 512K, 0% used [0x00000000eca00000,0x00000000eca00000,0x00000000eca80000)
  to   space 6656K, 0% used [0x00000000ece00000,0x00000000ece00000,0x00000000ed480000)
 ParOldGen       total 36864K, used 10650K [0x00000000c1c00000, 0x00000000c4000000, 0x00000000eb400000)
  object space 36864K, 28% used [0x00000000c1c00000,0x00000000c2666868,0x00000000c4000000)
 Metaspace       used 18922K, capacity 19474K, committed 21248K, reserved 1067008K
  class space    used 2264K, capacity 2423K, committed 2816K, reserved 1048576K
}
Event: 23.722 GC heap before
{Heap before GC invocations=13 (full 1):
 PSYoungGen      total 15872K, used 15360K [0x00000000eb400000, 0x00000000ed480000, 0x0000000100000000)
  eden space 15360K, 100% used [0x00000000eb400000,0x00000000ec300000,0x00000000ec300000)
  from space 512K, 0% used [0x00000000eca00000,0x00000000eca00000,0x00000000eca80000)
  to   space 6656K, 0% used [0x00000000ece00000,0x00000000ece00000,0x00000000ed480000)
 ParOldGen       total 36864K, used 10650K [0x00000000c1c00000, 0x00000000c4000000, 0x00000000eb400000)
  object space 36864K, 28% used [0x00000000c1c00000,0x00000000c2666868,0x00000000c4000000)
 Metaspace       used 19357K, capacity 19896K, committed 21248K, reserved 1067008K
  class space    used 2305K, capacity 2456K, committed 2816K, reserved 1048576K
Event: 23.725 GC heap after
Heap after GC invocations=13 (full 1):
 PSYoungGen      total 26112K, used 1289K [0x00000000eb400000, 0x00000000ed600000, 0x0000000100000000)
  eden space 19456K, 0% used [0x00000000eb400000,0x00000000eb400000,0x00000000ec700000)
  from space 6656K, 19% used [0x00000000ece00000,0x00000000ecf424e0,0x00000000ed480000)
  to   space 7168K, 0% used [0x00000000ec700000,0x00000000ec700000,0x00000000ece00000)
 ParOldGen       total 36864K, used 10658K [0x00000000c1c00000, 0x00000000c4000000, 0x00000000eb400000)
  object space 36864K, 28% used [0x00000000c1c00000,0x00000000c2668868,0x00000000c4000000)
 Metaspace       used 19357K, capacity 19896K, committed 21248K, reserved 1067008K
  class space    used 2305K, capacity 2456K, committed 2816K, reserved 1048576K
}
Event: 31.422 GC heap before
{Heap before GC invocations=14 (full 1):
 PSYoungGen      total 26112K, used 20745K [0x00000000eb400000, 0x00000000ed600000, 0x0000000100000000)
  eden space 19456K, 100% used [0x00000000eb400000,0x00000000ec700000,0x00000000ec700000)
  from space 6656K, 19% used [0x00000000ece00000,0x00000000ecf424e0,0x00000000ed480000)
  to   space 7168K, 0% used [0x00000000ec700000,0x00000000ec700000,0x00000000ece00000)
 ParOldGen       total 36864K, used 10658K [0x00000000c1c00000, 0x00000000c4000000, 0x00000000eb400000)
  object space 36864K, 28% used [0x00000000c1c00000,0x00000000c2668868,0x00000000c4000000)
 Metaspace       used 19833K, capacity 20362K, committed 21248K, reserved 1067008K
  class space    used 2374K, capacity 2523K, committed 2816K, reserved 1048576K
Event: 31.425 GC heap after
Heap after GC invocations=14 (full 1):
 PSYoungGen      total 26624K, used 1093K [0x00000000eb400000, 0x00000000eda80000, 0x0000000100000000)
  eden space 19456K, 0% used [0x00000000eb400000,0x00000000eb400000,0x00000000ec700000)
  from space 7168K, 15% used [0x00000000ec700000,0x00000000ec811788,0x00000000ece00000)
  to   space 7168K, 0% used [0x00000000ed380000,0x00000000ed380000,0x00000000eda80000)
 ParOldGen       total 36864K, used 11082K [0x00000000c1c00000, 0x00000000c4000000, 0x00000000eb400000)
  object space 36864K, 30% used [0x00000000c1c00000,0x00000000c26d2888,0x00000000c4000000)
 Metaspace       used 19833K, capacity 20362K, committed 21248K, reserved 1067008K
  class space    used 2374K, capacity 2523K, committed 2816K, reserved 1048576K
}
Event: 34.459 GC heap before
{Heap before GC invocations=15 (full 1):
 PSYoungGen      total 26624K, used 20549K [0x00000000eb400000, 0x00000000eda80000, 0x0000000100000000)
  eden space 19456K, 100% used [0x00000000eb400000,0x00000000ec700000,0x00000000ec700000)
  from space 7168K, 15% used [0x00000000ec700000,0x00000000ec811788,0x00000000ece00000)
  to   space 7168K, 0% used [0x00000000ed380000,0x00000000ed380000,0x00000000eda80000)
 ParOldGen       total 36864K, used 11082K [0x00000000c1c00000, 0x00000000c4000000, 0x00000000eb400000)
  object space 36864K, 30% used [0x00000000c1c00000,0x00000000c26d2888,0x00000000c4000000)
 Metaspace       used 20674K, capacity 21232K, committed 21504K, reserved 1069056K
  class space    used 2471K, capacity 2620K, committed 2816K, reserved 1048576K
Event: 34.464 GC heap after
Heap after GC invocations=15 (full 1):
 PSYoungGen      total 21504K, used 1775K [0x00000000eb400000, 0x00000000ed580000, 0x0000000100000000)
  eden space 19456K, 0% used [0x00000000eb400000,0x00000000eb400000,0x00000000ec700000)
  from space 2048K, 86% used [0x00000000ed380000,0x00000000ed53bc60,0x00000000ed580000)
  to   space 7168K, 0% used [0x00000000ec780000,0x00000000ec780000,0x00000000ece80000)
 ParOldGen       total 36864K, used 11090K [0x00000000c1c00000, 0x00000000c4000000, 0x00000000eb400000)
  object space 36864K, 30% used [0x00000000c1c00000,0x00000000c26d4888,0x00000000c4000000)
 Metaspace       used 20674K, capacity 21232K, committed 21504K, reserved 1069056K
  class space    used 2471K, capacity 2620K, committed 2816K, reserved 1048576K
}

